Using pre-set license
Built from '2021.3/release' branch; Version is '2021.3.17f1 (3e8111cac19d) revision 4096273'; Using compiler version '192829333'; Build Type 'Release'
OS: 'Windows 11  (10.0.22621) 64bit CoreSingleLanguage' Language: 'en' Physical Memory: 7914 MB
BatchMode: 1, IsHumanControllingUs: 0, StartBugReporterOnCrash: 0, Is64bit: 1, IsPro: 1

COMMAND LINE ARGUMENTS:
C:\Program Files\Unity\Hub\Editor\2021.3.17f1\Editor\Unity.exe
-adb2
-batchMode
-noUpm
-name
AssetImportWorker2
-projectPath
C:/Users/josep/OneDrive/Documents/GitHub/TowerDefence/My project
-logFile
Logs/AssetImportWorker2.log
-srvPort
59161
Successfully changed project path to: C:/Users/josep/OneDrive/Documents/GitHub/TowerDefence/My project
C:/Users/josep/OneDrive/Documents/GitHub/TowerDefence/My project
[UnityMemory] Configuration Parameters - Can be set up in boot.config
    "memorysetup-bucket-allocator-granularity=16"
    "memorysetup-bucket-allocator-bucket-count=8"
    "memorysetup-bucket-allocator-block-size=33554432"
    "memorysetup-bucket-allocator-block-count=8"
    "memorysetup-main-allocator-block-size=16777216"
    "memorysetup-thread-allocator-block-size=16777216"
    "memorysetup-gfx-main-allocator-block-size=16777216"
    "memorysetup-gfx-thread-allocator-block-size=16777216"
    "memorysetup-cache-allocator-block-size=4194304"
    "memorysetup-typetree-allocator-block-size=2097152"
    "memorysetup-profiler-bucket-allocator-granularity=16"
    "memorysetup-profiler-bucket-allocator-bucket-count=8"
    "memorysetup-profiler-bucket-allocator-block-size=33554432"
    "memorysetup-profiler-bucket-allocator-block-count=8"
    "memorysetup-profiler-allocator-block-size=16777216"
    "memorysetup-profiler-editor-allocator-block-size=1048576"
    "memorysetup-temp-allocator-size-main=16777216"
    "memorysetup-job-temp-allocator-block-size=2097152"
    "memorysetup-job-temp-allocator-block-size-background=1048576"
    "memorysetup-job-temp-allocator-reduction-small-platforms=262144"
    "memorysetup-temp-allocator-size-background-worker=32768"
    "memorysetup-temp-allocator-size-job-worker=262144"
    "memorysetup-temp-allocator-size-preload-manager=33554432"
    "memorysetup-temp-allocator-size-nav-mesh-worker=65536"
    "memorysetup-temp-allocator-size-audio-worker=65536"
    "memorysetup-temp-allocator-size-cloud-worker=32768"
    "memorysetup-temp-allocator-size-gi-baking-worker=262144"
    "memorysetup-temp-allocator-size-gfx=262144"
Player connection [12776] Host "[IP] 192.168.1.10 [Port] 0 [Flags] 2 [Guid] 1104441560 [EditorId] 1104441560 [Version] 1048832 [Id] WindowsEditor(7,LAPTOP-KTOEQBCT) [Debug] 1 [PackageName] WindowsEditor [ProjectName] Editor" joined multi-casting on [225.0.0.222:54997]...

Player connection [12776] Host "[IP] 192.168.1.10 [Port] 0 [Flags] 2 [Guid] 1104441560 [EditorId] 1104441560 [Version] 1048832 [Id] WindowsEditor(7,LAPTOP-KTOEQBCT) [Debug] 1 [PackageName] WindowsEditor [ProjectName] Editor" joined alternative multi-casting on [225.0.0.222:34997]...

Refreshing native plugins compatible for Editor in 113.97 ms, found 3 plugins.
Preloading 0 native plugins for Editor in 0.00 ms.
Initialize engine version: 2021.3.17f1 (3e8111cac19d)
[Subsystems] Discovering subsystems at path C:/Program Files/Unity/Hub/Editor/2021.3.17f1/Editor/Data/Resources/UnitySubsystems
[Subsystems] Discovering subsystems at path C:/Users/josep/OneDrive/Documents/GitHub/TowerDefence/My project/Assets
GfxDevice: creating device client; threaded=0; jobified=0
Direct3D:
    Version:  Direct3D 11.0 [level 11.1]
    Renderer: Intel(R) UHD Graphics (ID=0x9a68)
    Vendor:   Intel
    VRAM:     3957 MB
    Driver:   31.0.101.3413
Initialize mono
Mono path[0] = 'C:/Program Files/Unity/Hub/Editor/2021.3.17f1/Editor/Data/Managed'
Mono path[1] = 'C:/Program Files/Unity/Hub/Editor/2021.3.17f1/Editor/Data/MonoBleedingEdge/lib/mono/unityjit-win32'
Mono config path = 'C:/Program Files/Unity/Hub/Editor/2021.3.17f1/Editor/Data/MonoBleedingEdge/etc'
Using monoOptions --debugger-agent=transport=dt_socket,embedding=1,server=y,suspend=n,address=127.0.0.1:56288
Begin MonoManager ReloadAssembly
Registering precompiled unity dll's ...
Register platform support module: C:/Program Files/Unity/Hub/Editor/2021.3.17f1/Editor/Data/PlaybackEngines/AndroidPlayer/UnityEditor.Android.Extensions.dll
Register platform support module: C:/Program Files/Unity/Hub/Editor/2021.3.17f1/Editor/Data/PlaybackEngines/WindowsStandaloneSupport/UnityEditor.WindowsStandalone.Extensions.dll
Registered in 0.004746 seconds.
Native extension for WindowsStandalone target not found
Native extension for Android target not found
Android Extension - Scanning For ADB Devices 356 ms
Refreshing native plugins compatible for Editor in 120.81 ms, found 3 plugins.
Preloading 0 native plugins for Editor in 0.00 ms.
Mono: successfully reloaded assembly
- Completed reload, in  1.346 seconds
Domain Reload Profiling:
	ReloadAssembly (1346ms)
		BeginReloadAssembly (98ms)
			ExecutionOrderSort (0ms)
			DisableScriptedObjects (0ms)
			BackupInstance (0ms)
			ReleaseScriptingObjects (0ms)
			CreateAndSetChildDomain (2ms)
		EndReloadAssembly (1113ms)
			LoadAssemblies (94ms)
			RebuildTransferFunctionScriptingTraits (0ms)
			SetupTypeCache (161ms)
			ReleaseScriptCaches (0ms)
			RebuildScriptCaches (42ms)
			SetupLoadedEditorAssemblies (839ms)
				LogAssemblyErrors (0ms)
				InitializePlatformSupportModulesInManaged (490ms)
				SetLoadedEditorAssemblies (0ms)
				RefreshPlugins (121ms)
				BeforeProcessingInitializeOnLoad (2ms)
				ProcessInitializeOnLoadAttributes (170ms)
				ProcessInitializeOnLoadMethodAttributes (56ms)
				AfterProcessingInitializeOnLoad (0ms)
				EditorAssembliesLoaded (0ms)
			ExecutionOrderSort2 (0ms)
			AwakeInstancesAfterBackupRestoration (0ms)
Platform modules already initialized, skipping
Registering precompiled user dll's ...
Registered in 0.005152 seconds.
Begin MonoManager ReloadAssembly
Native extension for WindowsStandalone target not found
Native extension for Android target not found
Refreshing native plugins compatible for Editor in 1.35 ms, found 3 plugins.
Preloading 0 native plugins for Editor in 0.00 ms.
Mono: successfully reloaded assembly
Package Manager log level set to [2]
- Completed reload, in  3.433 seconds
Domain Reload Profiling:
	ReloadAssembly (3434ms)
		BeginReloadAssembly (163ms)
			ExecutionOrderSort (0ms)
			DisableScriptedObjects (6ms)
			BackupInstance (0ms)
			ReleaseScriptingObjects (0ms)
			CreateAndSetChildDomain (35ms)
		EndReloadAssembly (3100ms)
			LoadAssemblies (137ms)
			RebuildTransferFunctionScriptingTraits (0ms)
			SetupTypeCache (438ms)
			ReleaseScriptCaches (1ms)
			RebuildScriptCaches (101ms)
			SetupLoadedEditorAssemblies (2339ms)
				LogAssemblyErrors (0ms)
				InitializePlatformSupportModulesInManaged (26ms)
				SetLoadedEditorAssemblies (1ms)
				RefreshPlugins (1ms)
				BeforeProcessingInitializeOnLoad (160ms)
				ProcessInitializeOnLoadAttributes (375ms)
				ProcessInitializeOnLoadMethodAttributes (1770ms)
				AfterProcessingInitializeOnLoad (6ms)
				EditorAssembliesLoaded (0ms)
			ExecutionOrderSort2 (0ms)
			AwakeInstancesAfterBackupRestoration (9ms)
Platform modules already initialized, skipping
========================================================================
Worker process is ready to serve import requests
Launched and connected shader compiler UnityShaderCompiler.exe after 0.15 seconds
Refreshing native plugins compatible for Editor in 0.80 ms, found 3 plugins.
Preloading 0 native plugins for Editor in 0.00 ms.
Unloading 3490 Unused Serialized files (Serialized files now loaded: 0)
Unloading 40 unused Assets / (88.1 KB). Loaded Objects now: 3936.
Memory consumption went from 118.3 MB to 118.2 MB.
Total: 7.229100 ms (FindLiveObjects: 0.384800 ms CreateObjectMapping: 0.113100 ms MarkObjects: 6.477000 ms  DeleteObjects: 0.251600 ms)

AssetImportParameters requested are different than current active one (requested -> active):
  custom:video-decoder-ogg-theora: a1e56fd34408186e4bbccfd4996cb3dc -> 
  custom:container-muxer-webm: aa71ff27fc2769a1b78a27578f13a17b -> 
  custom:container-demuxer-webm: 4f35f7cbe854078d1ac9338744f61a02 -> 
  custom:video-encoder-webm-vp8: eb34c28f22e8b96e1ab97ce403110664 -> 
  custom:video-codec-MediaFoundation-h265: 746d11721c4dcdbdad8f713fa42b33f4 -> 
  custom:audio-encoder-webm-vorbis: bf7c407c2cedff20999df2af8eb42d56 -> 
  custom:framework-win-MediaFoundation: 216162199b28c13a410421893ffa2e32 -> 
  custom:container-demuxer-ogg: 62fdf1f143b41e24485cea50d1cbac27 -> 
  custom:video-decoder-webm-vp8: 9c59270c3fd7afecdb556c50c9e8de78 -> 
  custom:audio-decoder-ogg-vorbis: bf7c407c2cedff20999df2af8eb42d56 -> 
========================================================================
Received Import Request.
  Time since last request: 337191.992887 seconds.
  path: Assets/New Material.mat
  artifactKey: Guid(0a45a17ada69f2e4a9000d4db3d34112) Importer(815301076,1909f56bfc062723c751e8b465ee728b)
Start importing Assets/New Material.mat using Guid(0a45a17ada69f2e4a9000d4db3d34112) Importer(815301076,1909f56bfc062723c751e8b465ee728b)  -> (artifact id: '9204173e6d872812181accc145fbf9fc') in 0.292688 seconds 
========================================================================
Received Import Request.
  Time since last request: 185.488165 seconds.
  path: Assets/Start.mat
  artifactKey: Guid(0a45a17ada69f2e4a9000d4db3d34112) Importer(815301076,1909f56bfc062723c751e8b465ee728b)
Start importing Assets/Start.mat using Guid(0a45a17ada69f2e4a9000d4db3d34112) Importer(815301076,1909f56bfc062723c751e8b465ee728b)  -> (artifact id: 'a16aeba0e85e71a442d303777f159f44') in 0.067588 seconds 
========================================================================
Received Import Request.
  Time since last request: 159.846719 seconds.
  path: Assets/Start 1.mat
  artifactKey: Guid(6c66eeffc84316a4d8d0ceda023b2242) Importer(815301076,1909f56bfc062723c751e8b465ee728b)
Start importing Assets/Start 1.mat using Guid(6c66eeffc84316a4d8d0ceda023b2242) Importer(815301076,1909f56bfc062723c751e8b465ee728b)  -> (artifact id: '79c668e519cfb0720a84d481cb7c8050') in 0.071425 seconds 
========================================================================
Received Import Request.
  Time since last request: 9.708384 seconds.
  path: Assets/End.mat
  artifactKey: Guid(6c66eeffc84316a4d8d0ceda023b2242) Importer(815301076,1909f56bfc062723c751e8b465ee728b)
Start importing Assets/End.mat using Guid(6c66eeffc84316a4d8d0ceda023b2242) Importer(815301076,1909f56bfc062723c751e8b465ee728b)  -> (artifact id: 'bb0dfcdc794a16a418ca46535b592b60') in 0.064171 seconds 
========================================================================
Received Import Request.
  Time since last request: 113.796304 seconds.
  path: Assets/Start.mat
  artifactKey: Guid(0a45a17ada69f2e4a9000d4db3d34112) Importer(815301076,1909f56bfc062723c751e8b465ee728b)
Start importing Assets/Start.mat using Guid(0a45a17ada69f2e4a9000d4db3d34112) Importer(815301076,1909f56bfc062723c751e8b465ee728b)  -> (artifact id: '98f891b7f1f530552290458ad4dac4db') in 0.087431 seconds 
========================================================================
Received Import Request.
  Time since last request: 108.794415 seconds.
  path: Assets/End.mat
  artifactKey: Guid(6c66eeffc84316a4d8d0ceda023b2242) Importer(815301076,1909f56bfc062723c751e8b465ee728b)
Start importing Assets/End.mat using Guid(6c66eeffc84316a4d8d0ceda023b2242) Importer(815301076,1909f56bfc062723c751e8b465ee728b)  -> (artifact id: 'f437f41626946a72fedb95a0e548f65b') in 0.051163 seconds 
========================================================================
Received Prepare
Registering precompiled user dll's ...
Registered in 0.004961 seconds.
Begin MonoManager ReloadAssembly
Native extension for WindowsStandalone target not found
Native extension for Android target not found
Refreshing native plugins compatible for Editor in 1.23 ms, found 3 plugins.
Preloading 0 native plugins for Editor in 0.00 ms.
Mono: successfully reloaded assembly
- Completed reload, in  1.222 seconds
Domain Reload Profiling:
	ReloadAssembly (1223ms)
		BeginReloadAssembly (166ms)
			ExecutionOrderSort (0ms)
			DisableScriptedObjects (7ms)
			BackupInstance (0ms)
			ReleaseScriptingObjects (0ms)
			CreateAndSetChildDomain (47ms)
		EndReloadAssembly (929ms)
			LoadAssemblies (115ms)
			RebuildTransferFunctionScriptingTraits (0ms)
			SetupTypeCache (285ms)
			ReleaseScriptCaches (2ms)
			RebuildScriptCaches (56ms)
			SetupLoadedEditorAssemblies (404ms)
				LogAssemblyErrors (0ms)
				InitializePlatformSupportModulesInManaged (30ms)
				SetLoadedEditorAssemblies (1ms)
				RefreshPlugins (1ms)
				BeforeProcessingInitializeOnLoad (80ms)
				ProcessInitializeOnLoadAttributes (253ms)
				ProcessInitializeOnLoadMethodAttributes (31ms)
				AfterProcessingInitializeOnLoad (9ms)
				EditorAssembliesLoaded (0ms)
			ExecutionOrderSort2 (0ms)
			AwakeInstancesAfterBackupRestoration (10ms)
Platform modules already initialized, skipping
Refreshing native plugins compatible for Editor in 4.13 ms, found 3 plugins.
Preloading 0 native plugins for Editor in 0.00 ms.
Unloading 3485 Unused Serialized files (Serialized files now loaded: 0)
Unloading 33 unused Assets / (55.5 KB). Loaded Objects now: 3980.
Memory consumption went from 122.8 MB to 122.7 MB.
Total: 3.905500 ms (FindLiveObjects: 0.371000 ms CreateObjectMapping: 0.145400 ms MarkObjects: 3.290000 ms  DeleteObjects: 0.097500 ms)

AssetImportParameters requested are different than current active one (requested -> active):
  custom:video-decoder-ogg-theora: a1e56fd34408186e4bbccfd4996cb3dc -> 
  custom:container-muxer-webm: aa71ff27fc2769a1b78a27578f13a17b -> 
  custom:container-demuxer-webm: 4f35f7cbe854078d1ac9338744f61a02 -> 
  custom:video-encoder-webm-vp8: eb34c28f22e8b96e1ab97ce403110664 -> 
  custom:video-codec-MediaFoundation-h265: 746d11721c4dcdbdad8f713fa42b33f4 -> 
  custom:audio-encoder-webm-vorbis: bf7c407c2cedff20999df2af8eb42d56 -> 
  custom:framework-win-MediaFoundation: 216162199b28c13a410421893ffa2e32 -> 
  custom:container-demuxer-ogg: 62fdf1f143b41e24485cea50d1cbac27 -> 
  custom:video-decoder-webm-vp8: 9c59270c3fd7afecdb556c50c9e8de78 -> 
  custom:audio-decoder-ogg-vorbis: bf7c407c2cedff20999df2af8eb42d56 -> 
========================================================================
Received Import Request.
  Time since last request: 809.591208 seconds.
  path: Assets/GroundPlain.mat
  artifactKey: Guid(412c34136a933a0439f9f9a77700e165) Importer(815301076,1909f56bfc062723c751e8b465ee728b)
Start importing Assets/GroundPlain.mat using Guid(412c34136a933a0439f9f9a77700e165) Importer(815301076,1909f56bfc062723c751e8b465ee728b)  -> (artifact id: '3655276ccba7ee85b7039ac6d31382e0') in 0.167774 seconds 
========================================================================
Received Import Request.
  Time since last request: 319.773334 seconds.
  path: Assets/Enemy.mat
  artifactKey: Guid(6448399d5817df94095a33d4716e2042) Importer(815301076,1909f56bfc062723c751e8b465ee728b)
Start importing Assets/Enemy.mat using Guid(6448399d5817df94095a33d4716e2042) Importer(815301076,1909f56bfc062723c751e8b465ee728b)  -> (artifact id: 'bd02477ddd538301f8c1cde02c05b6b8') in 0.090079 seconds 
========================================================================
Received Import Request.
  Time since last request: 96.389637 seconds.
  path: Assets/Enemy.prefab
  artifactKey: Guid(b7a017cbaf89f2e48b33d11ddda5160d) Importer(815301076,1909f56bfc062723c751e8b465ee728b)
Start importing Assets/Enemy.prefab using Guid(b7a017cbaf89f2e48b33d11ddda5160d) Importer(815301076,1909f56bfc062723c751e8b465ee728b)  -> (artifact id: '4c246aa91ea42ac4eb2be5a8f767d0f3') in 0.082440 seconds 
========================================================================
Received Import Request.
  Time since last request: 9.358499 seconds.
  path: Assets/Enemy.mat
  artifactKey: Guid(6448399d5817df94095a33d4716e2042) Importer(815301076,1909f56bfc062723c751e8b465ee728b)
Start importing Assets/Enemy.mat using Guid(6448399d5817df94095a33d4716e2042) Importer(815301076,1909f56bfc062723c751e8b465ee728b)  -> (artifact id: 'e17fa3d241831716d3afc13ad4361886') in 0.094373 seconds 
========================================================================
Received Import Request.
  Time since last request: 0.000055 seconds.
  path: Assets/GroundPlain.mat
  artifactKey: Guid(412c34136a933a0439f9f9a77700e165) Importer(815301076,1909f56bfc062723c751e8b465ee728b)
Start importing Assets/GroundPlain.mat using Guid(412c34136a933a0439f9f9a77700e165) Importer(815301076,1909f56bfc062723c751e8b465ee728b)  -> (artifact id: '90b74db5bb99a3bc32e1e669a7dd8453') in 0.251484 seconds 
========================================================================
Received Import Request.
  Time since last request: 2020.373648 seconds.
  path: Packages/com.unity.collab-proxy/Editor/Collaborate/Assets/Icons/added-file-dark.png
  artifactKey: Guid(1a4f52b613391cd449af3ad2e44affeb) Importer(815301076,1909f56bfc062723c751e8b465ee728b)
Start importing Packages/com.unity.collab-proxy/Editor/Collaborate/Assets/Icons/added-file-dark.png using Guid(1a4f52b613391cd449af3ad2e44affeb) Importer(815301076,1909f56bfc062723c751e8b465ee728b)  -> (artifact id: 'f9f630fad69fafc836332d582dfacad4') in 0.136220 seconds 
========================================================================
Received Import Request.
  Time since last request: 0.000053 seconds.
  path: Packages/com.unity.visualscripting/Editor/VisualScripting.Core/IconMap/AnimatorMessageListener@32x.png
  artifactKey: Guid(9059e055aa673b3469a5c2896c0b8fb5) Importer(815301076,1909f56bfc062723c751e8b465ee728b)
Start importing Packages/com.unity.visualscripting/Editor/VisualScripting.Core/IconMap/AnimatorMessageListener@32x.png using Guid(9059e055aa673b3469a5c2896c0b8fb5) Importer(815301076,1909f56bfc062723c751e8b465ee728b)  -> (artifact id: '7d070dd0e2d6454312bd93e99a4bfcf7') in 0.037455 seconds 
========================================================================
Received Import Request.
  Time since last request: 0.000044 seconds.
  path: Packages/com.unity.collab-proxy/Editor/Collaborate/Assets/Icons/back-dark@2x.png
  artifactKey: Guid(9c6313a5316f8a34b852bf94ff96e3ab) Importer(815301076,1909f56bfc062723c751e8b465ee728b)
Start importing Packages/com.unity.collab-proxy/Editor/Collaborate/Assets/Icons/back-dark@2x.png using Guid(9c6313a5316f8a34b852bf94ff96e3ab) Importer(815301076,1909f56bfc062723c751e8b465ee728b)  -> (artifact id: 'eaedaa9df1759d1e332aff18a8989e7d') in 0.046297 seconds 
========================================================================
Received Import Request.
  Time since last request: 0.000036 seconds.
  path: Packages/com.unity.collab-proxy/Editor/Collaborate/Assets/Icons/back-light.png
  artifactKey: Guid(e676ab7aa99535447a763c9f88bf9260) Importer(815301076,1909f56bfc062723c751e8b465ee728b)
Start importing Packages/com.unity.collab-proxy/Editor/Collaborate/Assets/Icons/back-light.png using Guid(e676ab7aa99535447a763c9f88bf9260) Importer(815301076,1909f56bfc062723c751e8b465ee728b)  -> (artifact id: '2fbae4f380c62d8086d5cd9248dd7963') in 0.074634 seconds 
========================================================================
Received Import Request.
  Time since last request: 3.245275 seconds.
  path: Packages/com.unity.collab-proxy/Editor/Collaborate/Assets/Icons/back-light@2x.png
  artifactKey: Guid(f5c57327df0fa294c8209aa216435167) Importer(815301076,1909f56bfc062723c751e8b465ee728b)
Start importing Packages/com.unity.collab-proxy/Editor/Collaborate/Assets/Icons/back-light@2x.png using Guid(f5c57327df0fa294c8209aa216435167) Importer(815301076,1909f56bfc062723c751e8b465ee728b)  -> (artifact id: '85c0602f7ef575fcff7599e808b152df') in 0.059013 seconds 
========================================================================
Received Import Request.
  Time since last request: 0.642977 seconds.
  path: Packages/com.unity.textmeshpro/Editor Resources/Textures/btn_AlignBaseLine_Light.psd
  artifactKey: Guid(18775b51e3bd42299fd30bd036ea982f) Importer(815301076,1909f56bfc062723c751e8b465ee728b)
Start importing Packages/com.unity.textmeshpro/Editor Resources/Textures/btn_AlignBaseLine_Light.psd using Guid(18775b51e3bd42299fd30bd036ea982f) Importer(815301076,1909f56bfc062723c751e8b465ee728b)  -> (artifact id: 'eeb0098a8b69ca1d6674471da9ab990f') in 0.068155 seconds 
========================================================================
Received Import Request.
  Time since last request: 0.000028 seconds.
  path: Packages/com.unity.textmeshpro/Editor Resources/Textures/btn_AlignBottom_Light.psd
  artifactKey: Guid(585b70cb75dd43efbfead809c30a1731) Importer(815301076,1909f56bfc062723c751e8b465ee728b)
Start importing Packages/com.unity.textmeshpro/Editor Resources/Textures/btn_AlignBottom_Light.psd using Guid(585b70cb75dd43efbfead809c30a1731) Importer(815301076,1909f56bfc062723c751e8b465ee728b)  -> (artifact id: '9bb87d484fa6db50e24a386473c3c994') in 0.030584 seconds 
Editor requested this worker to shutdown with reason: Scaling down because of idle timeout
AssetImportWorker is now disconnected from the server
Process exiting
Exiting without the bug reporter. Application will terminate with return code 0