Using pre-set license
Built from '2021.3/release' branch; Version is '2021.3.17f1 (3e8111cac19d) revision 4096273'; Using compiler version '192829333'; Build Type 'Release'
OS: 'Windows 11  (10.0.22621) 64bit CoreSingleLanguage' Language: 'en' Physical Memory: 7914 MB
BatchMode: 1, IsHumanControllingUs: 0, StartBugReporterOnCrash: 0, Is64bit: 1, IsPro: 1

COMMAND LINE ARGUMENTS:
C:\Program Files\Unity\Hub\Editor\2021.3.17f1\Editor\Unity.exe
-adb2
-batchMode
-noUpm
-name
AssetImportWorker6
-projectPath
C:/Users/josep/OneDrive/Documents/GitHub/TowerDefence/My project
-logFile
Logs/AssetImportWorker6.log
-srvPort
59161
Successfully changed project path to: C:/Users/josep/OneDrive/Documents/GitHub/TowerDefence/My project
C:/Users/josep/OneDrive/Documents/GitHub/TowerDefence/My project
[UnityMemory] Configuration Parameters - Can be set up in boot.config
    "memorysetup-bucket-allocator-granularity=16"
    "memorysetup-bucket-allocator-bucket-count=8"
    "memorysetup-bucket-allocator-block-size=33554432"
    "memorysetup-bucket-allocator-block-count=8"
    "memorysetup-main-allocator-block-size=16777216"
    "memorysetup-thread-allocator-block-size=16777216"
    "memorysetup-gfx-main-allocator-block-size=16777216"
    "memorysetup-gfx-thread-allocator-block-size=16777216"
    "memorysetup-cache-allocator-block-size=4194304"
    "memorysetup-typetree-allocator-block-size=2097152"
    "memorysetup-profiler-bucket-allocator-granularity=16"
    "memorysetup-profiler-bucket-allocator-bucket-count=8"
    "memorysetup-profiler-bucket-allocator-block-size=33554432"
    "memorysetup-profiler-bucket-allocator-block-count=8"
    "memorysetup-profiler-allocator-block-size=16777216"
    "memorysetup-profiler-editor-allocator-block-size=1048576"
    "memorysetup-temp-allocator-size-main=16777216"
    "memorysetup-job-temp-allocator-block-size=2097152"
    "memorysetup-job-temp-allocator-block-size-background=1048576"
    "memorysetup-job-temp-allocator-reduction-small-platforms=262144"
    "memorysetup-temp-allocator-size-background-worker=32768"
    "memorysetup-temp-allocator-size-job-worker=262144"
    "memorysetup-temp-allocator-size-preload-manager=33554432"
    "memorysetup-temp-allocator-size-nav-mesh-worker=65536"
    "memorysetup-temp-allocator-size-audio-worker=65536"
    "memorysetup-temp-allocator-size-cloud-worker=32768"
    "memorysetup-temp-allocator-size-gi-baking-worker=262144"
    "memorysetup-temp-allocator-size-gfx=262144"
Player connection [8632] Host "[IP] 192.168.1.10 [Port] 0 [Flags] 2 [Guid] 3747216768 [EditorId] 3747216768 [Version] 1048832 [Id] WindowsEditor(7,LAPTOP-KTOEQBCT) [Debug] 1 [PackageName] WindowsEditor [ProjectName] Editor" joined multi-casting on [225.0.0.222:54997]...

Player connection [8632] Host "[IP] 192.168.1.10 [Port] 0 [Flags] 2 [Guid] 3747216768 [EditorId] 3747216768 [Version] 1048832 [Id] WindowsEditor(7,LAPTOP-KTOEQBCT) [Debug] 1 [PackageName] WindowsEditor [ProjectName] Editor" joined alternative multi-casting on [225.0.0.222:34997]...

Refreshing native plugins compatible for Editor in 123.87 ms, found 3 plugins.
Preloading 0 native plugins for Editor in 0.00 ms.
Initialize engine version: 2021.3.17f1 (3e8111cac19d)
[Subsystems] Discovering subsystems at path C:/Program Files/Unity/Hub/Editor/2021.3.17f1/Editor/Data/Resources/UnitySubsystems
[Subsystems] Discovering subsystems at path C:/Users/josep/OneDrive/Documents/GitHub/TowerDefence/My project/Assets
GfxDevice: creating device client; threaded=0; jobified=0
Direct3D:
    Version:  Direct3D 11.0 [level 11.1]
    Renderer: Intel(R) UHD Graphics (ID=0x9a68)
    Vendor:   Intel
    VRAM:     3957 MB
    Driver:   31.0.101.3413
Initialize mono
Mono path[0] = 'C:/Program Files/Unity/Hub/Editor/2021.3.17f1/Editor/Data/Managed'
Mono path[1] = 'C:/Program Files/Unity/Hub/Editor/2021.3.17f1/Editor/Data/MonoBleedingEdge/lib/mono/unityjit-win32'
Mono config path = 'C:/Program Files/Unity/Hub/Editor/2021.3.17f1/Editor/Data/MonoBleedingEdge/etc'
Using monoOptions --debugger-agent=transport=dt_socket,embedding=1,server=y,suspend=n,address=127.0.0.1:56444
Begin MonoManager ReloadAssembly
Registering precompiled unity dll's ...
Register platform support module: C:/Program Files/Unity/Hub/Editor/2021.3.17f1/Editor/Data/PlaybackEngines/AndroidPlayer/UnityEditor.Android.Extensions.dll
Register platform support module: C:/Program Files/Unity/Hub/Editor/2021.3.17f1/Editor/Data/PlaybackEngines/WindowsStandaloneSupport/UnityEditor.WindowsStandalone.Extensions.dll
Registered in 0.008401 seconds.
Native extension for WindowsStandalone target not found
Native extension for Android target not found
Android Extension - Scanning For ADB Devices 419 ms
Refreshing native plugins compatible for Editor in 82.74 ms, found 3 plugins.
Preloading 0 native plugins for Editor in 0.00 ms.
Mono: successfully reloaded assembly
- Completed reload, in  1.239 seconds
Domain Reload Profiling:
	ReloadAssembly (1239ms)
		BeginReloadAssembly (133ms)
			ExecutionOrderSort (0ms)
			DisableScriptedObjects (0ms)
			BackupInstance (0ms)
			ReleaseScriptingObjects (0ms)
			CreateAndSetChildDomain (1ms)
		EndReloadAssembly (974ms)
			LoadAssemblies (132ms)
			RebuildTransferFunctionScriptingTraits (0ms)
			SetupTypeCache (130ms)
			ReleaseScriptCaches (0ms)
			RebuildScriptCaches (45ms)
			SetupLoadedEditorAssemblies (738ms)
				LogAssemblyErrors (0ms)
				InitializePlatformSupportModulesInManaged (511ms)
				SetLoadedEditorAssemblies (0ms)
				RefreshPlugins (83ms)
				BeforeProcessingInitializeOnLoad (1ms)
				ProcessInitializeOnLoadAttributes (94ms)
				ProcessInitializeOnLoadMethodAttributes (49ms)
				AfterProcessingInitializeOnLoad (0ms)
				EditorAssembliesLoaded (0ms)
			ExecutionOrderSort2 (0ms)
			AwakeInstancesAfterBackupRestoration (0ms)
Platform modules already initialized, skipping
Registering precompiled user dll's ...
Registered in 0.005095 seconds.
Begin MonoManager ReloadAssembly
Native extension for WindowsStandalone target not found
Native extension for Android target not found
Refreshing native plugins compatible for Editor in 0.96 ms, found 3 plugins.
Preloading 0 native plugins for Editor in 0.00 ms.
Mono: successfully reloaded assembly
Package Manager log level set to [2]
- Completed reload, in  1.169 seconds
Domain Reload Profiling:
	ReloadAssembly (1170ms)
		BeginReloadAssembly (112ms)
			ExecutionOrderSort (0ms)
			DisableScriptedObjects (7ms)
			BackupInstance (0ms)
			ReleaseScriptingObjects (0ms)
			CreateAndSetChildDomain (25ms)
		EndReloadAssembly (929ms)
			LoadAssemblies (177ms)
			RebuildTransferFunctionScriptingTraits (0ms)
			SetupTypeCache (261ms)
			ReleaseScriptCaches (1ms)
			RebuildScriptCaches (55ms)
			SetupLoadedEditorAssemblies (385ms)
				LogAssemblyErrors (0ms)
				InitializePlatformSupportModulesInManaged (16ms)
				SetLoadedEditorAssemblies (0ms)
				RefreshPlugins (1ms)
				BeforeProcessingInitializeOnLoad (88ms)
				ProcessInitializeOnLoadAttributes (247ms)
				ProcessInitializeOnLoadMethodAttributes (29ms)
				AfterProcessingInitializeOnLoad (5ms)
				EditorAssembliesLoaded (0ms)
			ExecutionOrderSort2 (0ms)
			AwakeInstancesAfterBackupRestoration (5ms)
Platform modules already initialized, skipping
========================================================================
Worker process is ready to serve import requests
Launched and connected shader compiler UnityShaderCompiler.exe after 0.10 seconds
Refreshing native plugins compatible for Editor in 0.59 ms, found 3 plugins.
Preloading 0 native plugins for Editor in 0.00 ms.
Unloading 3540 Unused Serialized files (Serialized files now loaded: 0)
Unloading 40 unused Assets / (88.2 KB). Loaded Objects now: 3987.
Memory consumption went from 121.7 MB to 121.6 MB.
Total: 6.175600 ms (FindLiveObjects: 0.849000 ms CreateObjectMapping: 0.311100 ms MarkObjects: 4.909500 ms  DeleteObjects: 0.105000 ms)

AssetImportParameters requested are different than current active one (requested -> active):
  custom:video-decoder-ogg-theora: a1e56fd34408186e4bbccfd4996cb3dc -> 
  custom:container-muxer-webm: aa71ff27fc2769a1b78a27578f13a17b -> 
  custom:container-demuxer-webm: 4f35f7cbe854078d1ac9338744f61a02 -> 
  custom:video-encoder-webm-vp8: eb34c28f22e8b96e1ab97ce403110664 -> 
  custom:video-codec-MediaFoundation-h265: 746d11721c4dcdbdad8f713fa42b33f4 -> 
  custom:audio-encoder-webm-vorbis: bf7c407c2cedff20999df2af8eb42d56 -> 
  custom:framework-win-MediaFoundation: 216162199b28c13a410421893ffa2e32 -> 
  custom:container-demuxer-ogg: 62fdf1f143b41e24485cea50d1cbac27 -> 
  custom:video-decoder-webm-vp8: 9c59270c3fd7afecdb556c50c9e8de78 -> 
  custom:audio-decoder-ogg-vorbis: bf7c407c2cedff20999df2af8eb42d56 -> 
========================================================================
Received Import Request.
  Time since last request: 356522.650581 seconds.
  path: Packages/com.unity.profiling.core
  artifactKey: Guid(259f1ba61fc23354e2c35fa9e35240f6) Importer(815301076,1909f56bfc062723c751e8b465ee728b)
Start importing Packages/com.unity.profiling.core using Guid(259f1ba61fc23354e2c35fa9e35240f6) Importer(815301076,1909f56bfc062723c751e8b465ee728b)  -> (artifact id: 'b4a66e69a8f2782a9ac458139718e811') in 0.023788 seconds 
========================================================================
Received Import Request.
  Time since last request: 483.721465 seconds.
  path: Assets/Imports/Materials
  artifactKey: Guid(be4904dbf5ae67f4a862563ba4cfbc4c) Importer(815301076,1909f56bfc062723c751e8b465ee728b)
Start importing Assets/Imports/Materials using Guid(be4904dbf5ae67f4a862563ba4cfbc4c) Importer(815301076,1909f56bfc062723c751e8b465ee728b)  -> (artifact id: '017e3e1d954c873500547dfcd8dd06bb') in 0.007229 seconds 
========================================================================
Received Import Request.
  Time since last request: 23.837363 seconds.
  path: Assets/Imports/Turret.fbx
  artifactKey: Guid(c799b15f9137daa428f72915264c510b) Importer(815301076,1909f56bfc062723c751e8b465ee728b)
Start importing Assets/Imports/Turret.fbx using Guid(c799b15f9137daa428f72915264c510b) Importer(815301076,1909f56bfc062723c751e8b465ee728b)  -> (artifact id: '3235505344f1b92ae5b4c13c5077d1a6') in 0.401369 seconds 
========================================================================
Received Import Request.
  Time since last request: 84.733336 seconds.
  path: Assets/Imports/Turret.fbx
  artifactKey: Guid(c799b15f9137daa428f72915264c510b) Importer(815301076,1909f56bfc062723c751e8b465ee728b)
Start importing Assets/Imports/Turret.fbx using Guid(c799b15f9137daa428f72915264c510b) Importer(815301076,1909f56bfc062723c751e8b465ee728b)  -> (artifact id: '8debf20c5a22ffb4d39e0ee4b8b32901') in 0.295916 seconds 
========================================================================
Received Import Request.
  Time since last request: 110.058898 seconds.
  path: Assets/Imports/Turret.fbx
  artifactKey: Guid(c799b15f9137daa428f72915264c510b) Importer(815301076,1909f56bfc062723c751e8b465ee728b)
Start importing Assets/Imports/Turret.fbx using Guid(c799b15f9137daa428f72915264c510b) Importer(815301076,1909f56bfc062723c751e8b465ee728b)  -> (artifact id: 'dcc2bcf13f04758f87abde034c1909ea') in 0.258918 seconds 
========================================================================
Received Import Request.
  Time since last request: 11.265350 seconds.
  path: Assets/Imports/Turret.fbx
  artifactKey: Guid(c799b15f9137daa428f72915264c510b) Importer(815301076,1909f56bfc062723c751e8b465ee728b)
Start importing Assets/Imports/Turret.fbx using Guid(c799b15f9137daa428f72915264c510b) Importer(815301076,1909f56bfc062723c751e8b465ee728b)  -> (artifact id: '40ca5cbb99ae73af2c83b4f0fe6ebf93') in 0.209762 seconds 
========================================================================
Received Import Request.
  Time since last request: 341.679041 seconds.
  path: Assets/Prefabs/Turret.prefab
  artifactKey: Guid(bb3efaeba051cb7458200f9c3546e6cc) Importer(815301076,1909f56bfc062723c751e8b465ee728b)
Start importing Assets/Prefabs/Turret.prefab using Guid(bb3efaeba051cb7458200f9c3546e6cc) Importer(815301076,1909f56bfc062723c751e8b465ee728b)  -> (artifact id: '7c56e248558700f22a37813162621615') in 0.053629 seconds 
========================================================================
Received Import Request.
  Time since last request: 459.498137 seconds.
  path: Assets/Prefabs/Turret.prefab
  artifactKey: Guid(bb3efaeba051cb7458200f9c3546e6cc) Importer(815301076,1909f56bfc062723c751e8b465ee728b)
Start importing Assets/Prefabs/Turret.prefab using Guid(bb3efaeba051cb7458200f9c3546e6cc) Importer(815301076,1909f56bfc062723c751e8b465ee728b)  -> (artifact id: 'e01e20003a01dd4a89a126e257d1a8f5') in 0.073644 seconds 
